<?xml version="1.0" encoding="UTF-8"?>
<testng-results skipped="0" failed="0" ignored="0" total="1" passed="1">
  <reporter-output>
  </reporter-output>
  <suite name="Default suite" duration-ms="34394" started-at="2017-09-14T03:05:29Z" finished-at="2017-09-14T03:06:03Z">
    <groups>
    </groups>
    <test name="Default test" duration-ms="34394" started-at="2017-09-14T03:05:29Z" finished-at="2017-09-14T03:06:03Z">
      <class name="sample.GmailTesting">
        <test-method status="PASS" signature="beforeTest()[pri:0, instance:sample.GmailTesting@6a41eaa2]" name="beforeTest" is-config="true" duration-ms="10591" started-at="2017-09-14T08:35:29Z" finished-at="2017-09-14T08:35:40Z">
          <reporter-output>
          </reporter-output>
        </test-method> <!-- beforeTest -->
        <test-method status="PASS" signature="testEasy()[pri:0, instance:sample.GmailTesting@6a41eaa2]" name="testEasy" duration-ms="23771" started-at="2017-09-14T08:35:40Z" finished-at="2017-09-14T08:36:03Z">
          <reporter-output>
          </reporter-output>
        </test-method> <!-- testEasy -->
        <test-method status="PASS" signature="afterTest()[pri:0, instance:sample.GmailTesting@6a41eaa2]" name="afterTest" is-config="true" duration-ms="0" started-at="2017-09-14T08:36:03Z" finished-at="2017-09-14T08:36:03Z">
          <reporter-output>
          </reporter-output>
        </test-method> <!-- afterTest -->
      </class> <!-- sample.GmailTesting -->
    </test> <!-- Default test -->
  </suite> <!-- Default suite -->
</testng-results>
