<?xml version="1.0" encoding="UTF-8"?>
<testng-results skipped="0" failed="0" ignored="0" total="1" passed="1">
  <reporter-output>
  </reporter-output>
  <suite name="Suite" duration-ms="52644" started-at="2017-09-14T01:58:49Z" finished-at="2017-09-14T01:59:42Z">
    <groups>
    </groups>
    <test name="Test" duration-ms="52644" started-at="2017-09-14T01:58:49Z" finished-at="2017-09-14T01:59:42Z">
      <class name="sample.GmailTesting">
        <test-method status="PASS" signature="beforeTest()[pri:0, instance:sample.GmailTesting@6a41eaa2]" name="beforeTest" is-config="true" duration-ms="25302" started-at="2017-09-14T07:28:49Z" finished-at="2017-09-14T07:29:15Z">
          <reporter-output>
          </reporter-output>
        </test-method> <!-- beforeTest -->
        <test-method status="PASS" signature="testEasy()[pri:0, instance:sample.GmailTesting@6a41eaa2]" name="testEasy" duration-ms="26957" started-at="2017-09-14T07:29:15Z" finished-at="2017-09-14T07:29:42Z">
          <reporter-output>
          </reporter-output>
        </test-method> <!-- testEasy -->
        <test-method status="PASS" signature="afterTest()[pri:0, instance:sample.GmailTesting@6a41eaa2]" name="afterTest" is-config="true" duration-ms="0" started-at="2017-09-14T07:29:42Z" finished-at="2017-09-14T07:29:42Z">
          <reporter-output>
          </reporter-output>
        </test-method> <!-- afterTest -->
      </class> <!-- sample.GmailTesting -->
    </test> <!-- Test -->
  </suite> <!-- Suite -->
</testng-results>
